<?xml version="1.0" encoding="UTF-8"?>
<!-- Generated by org.testng.reporters.JUnitReportReporter -->
<testsuite hostname="DESKTOP-K09HSR0" name="Kam.tanhoda.login.Loginfunction" tests="1" failures="0" timestamp="5 Jun 2019 06:22:22 GMT" time="22.500" errors="0">
  <testcase name="Loginsuccessful" time="22.500" classname="Kam.tanhoda.login.Loginfunction"/>
</testsuite> <!-- Kam.tanhoda.login.Loginfunction -->
