<?xml version="1.0" encoding="UTF-8"?>
<!-- Generated by org.testng.reporters.JUnitReportReporter -->
<testsuite hostname="DESKTOP-K09HSR0" name="Kam.tanhoda.login.LoginUnsuccessful" tests="1" failures="0" timestamp="5 Jun 2019 10:04:35 GMT" time="24.475" errors="0">
  <testcase name="unsuccessful" time="24.475" classname="Kam.tanhoda.login.LoginUnsuccessful"/>
</testsuite> <!-- Kam.tanhoda.login.LoginUnsuccessful -->
